<?xml version="1.0" encoding="UTF-8"?>
<!-- Generated by org.testng.reporters.JUnitReportReporter -->
<testsuite hostname="smrati" failures="0" tests="3" name="introduction.class1" time="0.016" errors="0" timestamp="2024-05-10T21:11:08 IST" skipped="0">
  <testcase classname="introduction.class1" name="firsttestcase2" time="0.002"/>
  <testcase classname="introduction.class1" name="firsttestcase3" time="0.003"/>
  <testcase classname="introduction.class1" name="firsttestcase1" time="0.011"/>
</testsuite> <!-- introduction.class1 -->
