<?xml version="1.0" encoding="UTF-8"?>
<!-- Generated by org.testng.reporters.JUnitReportReporter -->
<testsuite hostname="smrati" failures="0" tests="3" name="introduction.class4" time="0.011" errors="0" timestamp="2024-05-10T21:11:46 IST" skipped="2">
  <testcase classname="introduction.class4" name="Fourthtestcase3" time="0.011"/>
  <testcase classname="introduction.class4" name="Fourthtestcase1">
    <skipped/>
  </testcase> <!-- Fourthtestcase1 -->
  <testcase classname="introduction.class4" name="Fourthtestcase2">
    <skipped/>
  </testcase> <!-- Fourthtestcase2 -->
</testsuite> <!-- introduction.class4 -->
