<?xml version="1.0" encoding="UTF-8"?>
<!-- Generated by org.testng.reporters.JUnitReportReporter -->
<testsuite hostname="smrati" failures="0" tests="1" name="introduction.day3" time="0.001" errors="0" timestamp="2024-05-01T12:00:47 IST" skipped="0">
  <testcase classname="introduction.day3" name="test4day3" time="0.001"/>
</testsuite> <!-- introduction.day3 -->
