<?xml version="1.0" encoding="UTF-8"?>
<!-- Generated by org.testng.reporters.JUnitReportReporter -->
<testsuite hostname="smrati" failures="0" tests="1" name="introduction.day1" time="0.013" errors="0" timestamp="2024-05-01T12:00:47 IST" skipped="0">
  <testcase classname="introduction.day1" name="test5day1" time="0.013"/>
</testsuite> <!-- introduction.day1 -->
