<?xml version="1.0" encoding="UTF-8"?>
<!-- Generated by org.testng.reporters.JUnitReportReporter -->
<testsuite hostname="smrati" failures="0" tests="3" name="introduction.class3" time="0.006" errors="0" timestamp="2024-05-10T21:11:08 IST" skipped="0">
  <testcase classname="introduction.class3" name="Thirdestcase3" time="0.004"/>
  <testcase classname="introduction.class3" name="Thirdestcase1" time="0.001"/>
  <testcase classname="introduction.class3" name="Thirdestcase2" time="0.001"/>
</testsuite> <!-- introduction.class3 -->
