<?xml version="1.0" encoding="UTF-8"?>
<!-- Generated by org.testng.reporters.JUnitReportReporter -->
<testsuite hostname="smrati" failures="0" tests="1" name="introduction.testngclass" time="0.013" errors="0" timestamp="2024-05-01T11:22:04 IST" skipped="0">
  <testcase classname="introduction.testngclass" name="abc" time="0.013"/>
</testsuite> <!-- introduction.testngclass -->
