<?xml version="1.0" encoding="UTF-8"?>
<!-- Generated by org.testng.reporters.JUnitReportReporter -->
<testsuite hostname="smrati" failures="0" tests="1" name="introduction.testlogin" time="3.198" errors="0" timestamp="2024-09-02T20:27:43 IST" skipped="0">
  <testcase classname="introduction.testlogin" name="testloginfeature" time="3.198"/>
</testsuite> <!-- introduction.testlogin -->
