<?xml version="1.0" encoding="UTF-8"?>
<!-- Generated by org.testng.reporters.JUnitReportReporter -->
<testsuite hostname="smrati" failures="0" tests="5" name="introduction.abcclass" time="1.508" errors="1" timestamp="2024-08-30T21:48:41 IST" skipped="4">
  <testcase classname="introduction.abcclass" name="Login" time="0.000">
    <skipped/>
  </testcase> <!-- Login -->
  <testcase classname="introduction.abcclass" name="Login" time="0.000">
    <skipped/>
  </testcase> <!-- Login -->
  <testcase classname="introduction.abcclass" name="setup" time="1.508">
    <error message="&#039;org.openqa.selenium.remote.http.HttpClient org.openqa.selenium.devtools.CdpEndpointFinder.getHttpClient(org.openqa.selenium.remote.http.HttpClient$Factory, java.net.URI)&#039;" type="java.lang.NoSuchMethodError">
      <![CDATA[java.lang.NoSuchMethodError: 'org.openqa.selenium.remote.http.HttpClient org.openqa.selenium.devtools.CdpEndpointFinder.getHttpClient(org.openqa.selenium.remote.http.HttpClient$Factory, java.net.URI)'
at org.openqa.selenium.chromium.ChromiumDriver.lambda$new$2(ChromiumDriver.java:145)
at java.base/java.util.Optional.map(Optional.java:260)
at org.openqa.selenium.chromium.ChromiumDriver.<init>(ChromiumDriver.java:145)
at org.openqa.selenium.chrome.ChromeDriver.<init>(ChromeDriver.java:88)
at org.openqa.selenium.chrome.ChromeDriver.<init>(ChromeDriver.java:84)
at org.openqa.selenium.chrome.ChromeDriver.<init>(ChromeDriver.java:52)
at introduction.abcclass.setup(abcclass.java:28)
at java.base/jdk.internal.reflect.DirectMethodHandleAccessor.invoke(DirectMethodHandleAccessor.java:104)
at java.base/java.lang.reflect.Method.invoke(Method.java:577)
at org.testng.internal.invokers.MethodInvocationHelper.invokeMethod(MethodInvocationHelper.java:139)
at org.testng.internal.invokers.MethodInvocationHelper.invokeMethodConsideringTimeout(MethodInvocationHelper.java:69)
at org.testng.internal.invokers.ConfigInvoker.invokeConfigurationMethod(ConfigInvoker.java:390)
at org.testng.internal.invokers.ConfigInvoker.invokeConfigurations(ConfigInvoker.java:325)
at org.testng.internal.invokers.TestMethodWorker.invokeBeforeClassMethods(TestMethodWorker.java:180)
at org.testng.internal.invokers.TestMethodWorker.run(TestMethodWorker.java:122)
at java.base/java.util.ArrayList.forEach(ArrayList.java:1511)
at org.testng.TestRunner.privateRun(TestRunner.java:848)
at org.testng.TestRunner.run(TestRunner.java:621)
at org.testng.SuiteRunner.runTest(SuiteRunner.java:443)
at org.testng.SuiteRunner.runSequentially(SuiteRunner.java:437)
at org.testng.SuiteRunner.privateRun(SuiteRunner.java:397)
at org.testng.SuiteRunner.run(SuiteRunner.java:336)
at org.testng.SuiteRunnerWorker.runSuite(SuiteRunnerWorker.java:52)
at org.testng.SuiteRunnerWorker.run(SuiteRunnerWorker.java:95)
at org.testng.TestNG.runSuitesSequentially(TestNG.java:1280)
at org.testng.TestNG.runSuitesLocally(TestNG.java:1200)
at org.testng.TestNG.runSuites(TestNG.java:1114)
at org.testng.TestNG.run(TestNG.java:1082)
at org.testng.remote.AbstractRemoteTestNG.run(AbstractRemoteTestNG.java:115)
at org.testng.remote.RemoteTestNG.initAndRun(RemoteTestNG.java:251)
at org.testng.remote.RemoteTestNG.main(RemoteTestNG.java:77)
]]>
    </error>
  </testcase> <!-- setup -->
  <testcase classname="introduction.abcclass" name="Login" time="0.000">
    <skipped/>
  </testcase> <!-- Login -->
  <testcase classname="introduction.abcclass" name="Login" time="0.000">
    <skipped/>
  </testcase> <!-- Login -->
</testsuite> <!-- introduction.abcclass -->
