<?xml version="1.0" encoding="UTF-8"?>
<!-- Generated by org.testng.reporters.JUnitReportReporter -->
<testsuite hostname="smrati" failures="0" tests="3" name="introduction.class2" time="0.005" errors="0" timestamp="2024-05-10T21:11:08 IST" skipped="0">
  <testcase classname="introduction.class2" name="Secondtestcase1" time="0.001"/>
  <testcase classname="introduction.class2" name="Secondtestcase2" time="0.002"/>
  <testcase classname="introduction.class2" name="Secondtestcase3" time="0.002"/>
</testsuite> <!-- introduction.class2 -->
